latexindent.exe version 3.2, a script to indent .tex files
	latexindent.exe lives here: C:/CTEX/MiKTeX/miktex/bin/
	Mon Jun 26 00:37:44 2017
Processing switches
	-w|--overwrite: Overwrite mode active, will make a back up of presentation.tex first
Directory for backup files and indent.log: .
YAML settings read
	Reading defaultSettings.yaml from C:/CTEX/MiKTeX/miktex/bin/defaultSettings.yaml
	Home directory is C:\Users\YangZhou (didn't find either indentconfig.yaml or .indentconfig.yaml)
	To specify user settings you would put indentconfig.yaml here: C:\Users\YangZhou/indentconfig.yaml
	Alternatively, you can use the hidden file .indentconfig.yaml as: C:\Users\YangZhou/.indentconfig.yaml
Backup procedure (-w flag active):
	copying presentation.tex to ./presentation.bak0
List of items: item|myitem (see itemNames)
looking for VERBATIM commands (see verbatimCommands)
looking for FILE CONTENTS environments (see fileContentsEnvironments)
	looking for filecontents*:1 environments
	looking for filecontents:1 environments
	\begin{document} found in body (after searching for filecontents)-- assuming that a preamble exists
	Custom replacement text routine for preamble preamble
	preamble found: LatexIndent::Preamble=HASH(0x3bf0d64)
	replaced with ID: LTXIN-TK-preamble1-END
	\begin{document}
	NOT storing LTXIN-TK-preamble1-END for indentation -- will store as VERBATIM object (see indentPreamble)
Phase 1: searching for objects
	looking for ENVIRONMENTS
	looking for IFELSEFI
	looking for HEADINGS (chapter, section, part, etc)
	looking for COMMANDS and key = {value}
	looking for SPECIAL begin/end
Objects have been found.
Operating on: masterDocument
Number of children:
	44
Phase 2: finding surrounding indentation
Phase 3: indenting objects
Phase 4: final indentation check
Output routine
	Overwriting file presentation.tex
--------------
Please direct all communication/issues to: 
	https://github.com/cmhughes/latexindent.pl
